<?xml version="1.0" encoding="UTF-8"?>
<!-- Generated by org.testng.reporters.JUnitReportReporter -->
<testsuite skipped="0" hostname="EPRUSARW1163" name="com.epam.nwi.merchant_portal_at.AppTest" tests="1" failures="0" timestamp="23 Jun 2017 08:48:43 GMT" time="0.006" errors="0">
  <testcase name="testApp" time="0.006" classname="com.epam.nwi.merchant_portal_at.AppTest"/>
</testsuite> <!-- com.epam.nwi.merchant_portal_at.AppTest -->
